*** Dragino Packet Forwarder for Lora Gateway ***
*** LoRa concentrator HAL library version info Version: 1.0.5; ***
*** LoRa radio type of board is: sx1302 ***
Memory Point to NULL in function json_object_resize at line 351 of src/parson.c
Memory Point to NULL in function json_object_resize at line 352 of src/parson.c
Memory Point to NULL in function json_object_resize at line 351 of src/parson.c
Memory Point to NULL in function json_object_resize at line 352 of src/parson.c
Memory Point to NULL in function json_object_resize at line 351 of src/parson.c
Memory Point to NULL in function json_object_resize at line 352 of src/parson.c
Memory Point to NULL in function json_object_resize at line 351 of src/parson.c
Memory Point to NULL in function json_object_resize at line 352 of src/parson.c
Memory Point to NULL in function json_object_resize at line 351 of src/parson.c
Memory Point to NULL in function json_object_resize at line 352 of src/parson.c
Memory Point to NULL in function json_array_resize at line 417 of src/parson.c
Memory Point to NULL in function json_object_resize at line 351 of src/parson.c
Memory Point to NULL in function json_object_resize at line 352 of src/parson.c
Memory Point to NULL in function json_object_resize at line 351 of src/parson.c
Memory Point to NULL in function json_object_resize at line 352 of src/parson.c
Memory Point to NULL in function json_object_resize at line 351 of src/parson.c
Memory Point to NULL in function json_object_resize at line 352 of src/parson.c
Memory Point to NULL in function json_object_resize at line 351 of src/parson.c
Memory Point to NULL in function json_object_resize at line 352 of src/parson.c
Memory Point to NULL in function json_object_resize at line 351 of src/parson.c
Memory Point to NULL in function json_object_resize at line 352 of src/parson.c
Memory Point to NULL in function json_object_resize at line 351 of src/parson.c
Memory Point to NULL in function json_object_resize at line 352 of src/parson.c
Memory Point to NULL in function json_object_resize at line 351 of src/parson.c
Memory Point to NULL in function json_object_resize at line 352 of src/parson.c
Memory Point to NULL in function json_object_resize at line 351 of src/parson.c
Memory Point to NULL in function json_object_resize at line 352 of src/parson.c
Memory Point to NULL in function json_object_resize at line 351 of src/parson.c
Memory Point to NULL in function json_object_resize at line 352 of src/parson.c
Memory Point to NULL in function json_object_resize at line 351 of src/parson.c
Memory Point to NULL in function json_object_resize at line 352 of src/parson.c
Memory Point to NULL in function json_object_resize at line 351 of src/parson.c
Memory Point to NULL in function json_object_resize at line 352 of src/parson.c
Memory Point to NULL in function json_object_resize at line 351 of src/parson.c
Memory Point to NULL in function json_object_resize at line 352 of src/parson.c
Memory Point to NULL in function json_object_resize at line 351 of src/parson.c
Memory Point to NULL in function json_object_resize at line 352 of src/parson.c
Memory Point to NULL in function json_object_resize at line 351 of src/parson.c
Memory Point to NULL in function json_object_resize at line 352 of src/parson.c
Memory Point to NULL in function json_object_resize at line 351 of src/parson.c
Memory Point to NULL in function json_object_resize at line 352 of src/parson.c
Memory Point to NULL in function json_object_resize at line 351 of src/parson.c
Memory Point to NULL in function json_object_resize at line 352 of src/parson.c
Memory Point to NULL in function json_object_resize at line 351 of src/parson.c
Memory Point to NULL in function json_object_resize at line 352 of src/parson.c
Memory Point to NULL in function json_object_resize at line 351 of src/parson.c
Memory Point to NULL in function json_object_resize at line 352 of src/parson.c
Memory Point to NULL in function json_object_resize at line 351 of src/parson.c
Memory Point to NULL in function json_object_resize at line 352 of src/parson.c
Memory Point to NULL in function json_object_resize at line 351 of src/parson.c
Memory Point to NULL in function json_object_resize at line 352 of src/parson.c
Memory Point to NULL in function json_object_resize at line 351 of src/parson.c
Memory Point to NULL in function json_object_resize at line 352 of src/parson.c
Memory Point to NULL in function json_object_resize at line 351 of src/parson.c
Memory Point to NULL in function json_object_resize at line 352 of src/parson.c
Memory Point to NULL in function json_object_resize at line 351 of src/parson.c
Memory Point to NULL in function json_object_resize at line 352 of src/parson.c
Memory Point to NULL in function json_object_resize at line 351 of src/parson.c
Memory Point to NULL in function json_object_resize at line 352 of src/parson.c
Memory Point to NULL in function json_object_resize at line 351 of src/parson.c
Memory Point to NULL in function json_object_resize at line 352 of src/parson.c
Memory Point to NULL in function json_object_resize at line 351 of src/parson.c
Memory Point to NULL in function json_object_resize at line 352 of src/parson.c
Memory Point to NULL in function json_object_resize at line 351 of src/parson.c
Memory Point to NULL in function json_object_resize at line 352 of src/parson.c
Memory Point to NULL in function json_object_resize at line 351 of src/parson.c
Memory Point to NULL in function json_object_resize at line 352 of src/parson.c
Memory Point to NULL in function json_object_resize at line 351 of src/parson.c
Memory Point to NULL in function json_object_resize at line 352 of src/parson.c
Memory Point to NULL in function json_object_resize at line 351 of src/parson.c
Memory Point to NULL in function json_object_resize at line 352 of src/parson.c
Memory Point to NULL in function json_array_resize at line 417 of src/parson.c
Memory Point to NULL in function json_object_resize at line 351 of src/parson.c
Memory Point to NULL in function json_object_resize at line 352 of src/parson.c
Memory Point to NULL in function json_array_resize at line 417 of src/parson.c
Memory Point to NULL in function json_object_resize at line 351 of src/parson.c
Memory Point to NULL in function json_object_resize at line 352 of src/parson.c
Memory Point to NULL in function json_object_resize at line 351 of src/parson.c
Memory Point to NULL in function json_object_resize at line 352 of src/parson.c
INFO: /etc/lora/global_conf.json does contain a JSON object named SX130x_conf, parsing SX1302 parameters
INFO: spidev_path /dev/spidev1.0, lorawan_public 1, clksrc 0, full_duplex 0
INFO: antenna_gain 0 dBi
INFO: Configuring legacy timestamp
INFO: Configuring Tx Gain LUT for rf_chain 0 with 16 indexes for sx1250
INFO: radio 0 enabled (type SX1250), center frequency 904300000, RSSI offset -215.399994, tx enabled 1, single input mode 0
INFO: radio 1 enabled (type SX1250), center frequency 905000000, RSSI offset -215.399994, tx enabled 0, single input mode 0
INFO: Lora multi-SF channel 0>  radio 0, IF -400000 Hz, 125 kHz bw, SF 5 to 12
INFO: Lora multi-SF channel 1>  radio 0, IF -200000 Hz, 125 kHz bw, SF 5 to 12
INFO: Lora multi-SF channel 2>  radio 0, IF 0 Hz, 125 kHz bw, SF 5 to 12
INFO: Lora multi-SF channel 3>  radio 0, IF 200000 Hz, 125 kHz bw, SF 5 to 12
INFO: Lora multi-SF channel 4>  radio 1, IF -300000 Hz, 125 kHz bw, SF 5 to 12
INFO: Lora multi-SF channel 5>  radio 1, IF -100000 Hz, 125 kHz bw, SF 5 to 12
INFO: Lora multi-SF channel 6>  radio 1, IF 100000 Hz, 125 kHz bw, SF 5 to 12
INFO: Lora multi-SF channel 7>  radio 1, IF 300000 Hz, 125 kHz bw, SF 5 to 12
INFO: Lora std channel> radio 0, IF 300000 Hz, 500000 Hz bw, SF 8, Explicit header
INFO: FSK channel 8 disabled
Memory Point to NULL in function json_object_resize at line 351 of src/parson.c
Memory Point to NULL in function json_object_resize at line 352 of src/parson.c
Memory Point to NULL in function json_object_resize at line 351 of src/parson.c
Memory Point to NULL in function json_object_resize at line 352 of src/parson.c
Memory Point to NULL in function json_object_resize at line 351 of src/parson.c
Memory Point to NULL in function json_object_resize at line 352 of src/parson.c
Memory Point to NULL in function json_object_resize at line 351 of src/parson.c
Memory Point to NULL in function json_object_resize at line 352 of src/parson.c
Memory Point to NULL in function json_object_resize at line 351 of src/parson.c
Memory Point to NULL in function json_object_resize at line 352 of src/parson.c
Memory Point to NULL in function json_array_resize at line 417 of src/parson.c
Memory Point to NULL in function json_object_resize at line 351 of src/parson.c
Memory Point to NULL in function json_object_resize at line 352 of src/parson.c
Memory Point to NULL in function json_object_resize at line 351 of src/parson.c
Memory Point to NULL in function json_object_resize at line 352 of src/parson.c
Memory Point to NULL in function json_object_resize at line 351 of src/parson.c
Memory Point to NULL in function json_object_resize at line 352 of src/parson.c
Memory Point to NULL in function json_object_resize at line 351 of src/parson.c
Memory Point to NULL in function json_object_resize at line 352 of src/parson.c
Memory Point to NULL in function json_object_resize at line 351 of src/parson.c
Memory Point to NULL in function json_object_resize at line 352 of src/parson.c
Memory Point to NULL in function json_object_resize at line 351 of src/parson.c
Memory Point to NULL in function json_object_resize at line 352 of src/parson.c
Memory Point to NULL in function json_object_resize at line 351 of src/parson.c
Memory Point to NULL in function json_object_resize at line 352 of src/parson.c
Memory Point to NULL in function json_object_resize at line 351 of src/parson.c
Memory Point to NULL in function json_object_resize at line 352 of src/parson.c
Memory Point to NULL in function json_object_resize at line 351 of src/parson.c
Memory Point to NULL in function json_object_resize at line 352 of src/parson.c
Memory Point to NULL in function json_object_resize at line 351 of src/parson.c
Memory Point to NULL in function json_object_resize at line 352 of src/parson.c
Memory Point to NULL in function json_object_resize at line 351 of src/parson.c
Memory Point to NULL in function json_object_resize at line 352 of src/parson.c
Memory Point to NULL in function json_object_resize at line 351 of src/parson.c
Memory Point to NULL in function json_object_resize at line 352 of src/parson.c
Memory Point to NULL in function json_object_resize at line 351 of src/parson.c
Memory Point to NULL in function json_object_resize at line 352 of src/parson.c
Memory Point to NULL in function json_object_resize at line 351 of src/parson.c
Memory Point to NULL in function json_object_resize at line 352 of src/parson.c
Memory Point to NULL in function json_object_resize at line 351 of src/parson.c
Memory Point to NULL in function json_object_resize at line 352 of src/parson.c
Memory Point to NULL in function json_object_resize at line 351 of src/parson.c
Memory Point to NULL in function json_object_resize at line 352 of src/parson.c
Memory Point to NULL in function json_object_resize at line 351 of src/parson.c
Memory Point to NULL in function json_object_resize at line 352 of src/parson.c
Memory Point to NULL in function json_object_resize at line 351 of src/parson.c
Memory Point to NULL in function json_object_resize at line 352 of src/parson.c
Memory Point to NULL in function json_object_resize at line 351 of src/parson.c
Memory Point to NULL in function json_object_resize at line 352 of src/parson.c
Memory Point to NULL in function json_object_resize at line 351 of src/parson.c
Memory Point to NULL in function json_object_resize at line 352 of src/parson.c
Memory Point to NULL in function json_object_resize at line 351 of src/parson.c
Memory Point to NULL in function json_object_resize at line 352 of src/parson.c
Memory Point to NULL in function json_object_resize at line 351 of src/parson.c
Memory Point to NULL in function json_object_resize at line 352 of src/parson.c
Memory Point to NULL in function json_object_resize at line 351 of src/parson.c
Memory Point to NULL in function json_object_resize at line 352 of src/parson.c
Memory Point to NULL in function json_object_resize at line 351 of src/parson.c
Memory Point to NULL in function json_object_resize at line 352 of src/parson.c
Memory Point to NULL in function json_object_resize at line 351 of src/parson.c
Memory Point to NULL in function json_object_resize at line 352 of src/parson.c
Memory Point to NULL in function json_object_resize at line 351 of src/parson.c
Memory Point to NULL in function json_object_resize at line 352 of src/parson.c
Memory Point to NULL in function json_object_resize at line 351 of src/parson.c
Memory Point to NULL in function json_object_resize at line 352 of src/parson.c
Memory Point to NULL in function json_object_resize at line 351 of src/parson.c
Memory Point to NULL in function json_object_resize at line 352 of src/parson.c
Memory Point to NULL in function json_object_resize at line 351 of src/parson.c
Memory Point to NULL in function json_object_resize at line 352 of src/parson.c
Memory Point to NULL in function json_object_resize at line 351 of src/parson.c
Memory Point to NULL in function json_object_resize at line 352 of src/parson.c
Memory Point to NULL in function json_array_resize at line 417 of src/parson.c
Memory Point to NULL in function json_object_resize at line 351 of src/parson.c
Memory Point to NULL in function json_object_resize at line 352 of src/parson.c
Memory Point to NULL in function json_array_resize at line 417 of src/parson.c
Memory Point to NULL in function json_object_resize at line 351 of src/parson.c
Memory Point to NULL in function json_object_resize at line 352 of src/parson.c
Memory Point to NULL in function json_object_resize at line 351 of src/parson.c
Memory Point to NULL in function json_object_resize at line 352 of src/parson.c
INFO: /etc/lora/global_conf.json does contain a JSON object named gateway_conf, parsing gateway parameters
INFO: gateway MAC address is configured to AA555A100000FFFF
INFO: GPS serial port path is configured to "LG302"
INFO: GPS serial port path is configured to "LoRa gateway"
INFO: Reference latitude is configured to 0.000000 deg
INFO: Reference longitude is configured to 0.000000 deg
INFO: Reference altitude is configured to 0 meters
INFO: Beaconing period is configured to 0 seconds
INFO: Beaconing signal will be emitted at 869525000 Hz
INFO: Beaconing datarate is set to SF9
INFO: Beaconing modulation bandwidth is set to 125000Hz
INFO: Beaconing TX power is set to 14dBm
INFO: Beaconing information descriptor is set to 0
INFO: Found 1 servers in array.
